<?xml version="1.0" encoding="UTF-8" ?>
<testsuite tests="7" failures="6" name="cz.cvut.fel.pjv.data.AirplaneTest" time="0.023" errors="0" skipped="0">
  <properties>
    <property name="idea.version" value="2023.1.2"/>
    <property name="java.runtime.name" value="OpenJDK Runtime Environment"/>
    <property name="java.vm.version" value="15.0.2+7"/>
    <property name="sun.boot.library.path" value="C:\Users\jarek\.jdks\corretto-15.0.2\bin"/>
    <property name="maven.multiModuleProjectDirectory" value="C:\Users\jarek\IdeaProjects\Semestralka-PJV\Semestralka-kod\kopcajar_semestralka"/>
    <property name="java.vm.vendor" value="Amazon.com Inc."/>
    <property name="java.vendor.url" value="https://aws.amazon.com/corretto/"/>
    <property name="guice.disable.misplaced.annotation.check" value="true"/>
    <property name="path.separator" value=";"/>
    <property name="java.vm.name" value="OpenJDK 64-Bit Server VM"/>
    <property name="sun.os.patch.level" value=""/>
    <property name="user.script" value=""/>
    <property name="user.country" value="CZ"/>
    <property name="sun.java.launcher" value="SUN_STANDARD"/>
    <property name="java.vm.specification.name" value="Java Virtual Machine Specification"/>
    <property name="user.dir" value="C:\Users\jarek\IdeaProjects\Semestralka-PJV\Semestralka-kod\kopcajar_semestralka"/>
    <property name="java.vm.compressedOopsMode" value="32-bit"/>
    <property name="java.runtime.version" value="15.0.2+7"/>
    <property name="os.arch" value="amd64"/>
    <property name="java.io.tmpdir" value="C:\Users\jarek\AppData\Local\Temp\"/>
    <property name="line.separator" value="
"/>
    <property name="java.vm.specification.vendor" value="Oracle Corporation"/>
    <property name="user.variant" value=""/>
    <property name="os.name" value="Windows 10"/>
    <property name="maven.ext.class.path" value="C:\Program Files\JetBrains\IntelliJ IDEA 2022.3.2\plugins\maven\lib\maven-event-listener.jar"/>
    <property name="classworlds.conf" value="C:\Program Files\JetBrains\IntelliJ IDEA 2022.3.2\plugins\maven\lib\maven3\bin\m2.conf"/>
    <property name="sun.jnu.encoding" value="Cp1250"/>
    <property name="java.library.path" value="C:\Users\jarek\.jdks\corretto-15.0.2\bin;C:\Windows\Sun\Java\bin;C:\Windows\system32;C:\Windows;C:\Program Files\Eclipse Adoptium\jdk-17.0.6.10-hotspot\bin;C:\Program Files\iis express\PHP\v8.0;C:\Program Files\Common Files\Oracle\Java\javapath;C:\Program Files (x86)\Common Files\Oracle\Java\javapath;C:\Windows\system32;C:\Windows;C:\Windows\System32\Wbem;C:\Windows\System32\WindowsPowerShell\v1.0\;C:\Windows\System32\OpenSSH\;C:\Program Files\NVIDIA Corporation\NVIDIA NvDLISR;C:\Program Files (x86)\NVIDIA Corporation\PhysX\Common;C:\Users\jarek\AppData\Local\Microsoft\WindowsApps;C:\Users\jarek\AppData\Local\Programs\Microsoft VS Code\bin;C:\Users\jarek\AppData\Roaming\npm;C;C:\Program Files\Git\cmd;C:\Program Files\Java\jdk-19\bin;C:\Program Files\apache-maven-3.9.0\bin;C:\Program Files\PowerShell\7\;C:\Users\jarek\AppData\Local\Microsoft\WindowsApps;;C:\Users\jarek\AppData\Local\Programs\Microsoft VS Code\bin;."/>
    <property name="jansi.passthrough" value="true"/>
    <property name="maven.conf" value="C:\Program Files\JetBrains\IntelliJ IDEA 2022.3.2\plugins\maven\lib\maven3/conf"/>
    <property name="jdk.debug" value="release"/>
    <property name="java.class.version" value="59.0"/>
    <property name="java.specification.name" value="Java Platform API Specification"/>
    <property name="sun.management.compiler" value="HotSpot 64-Bit Tiered Compilers"/>
    <property name="os.version" value="10.0"/>
    <property name="user.home" value="C:\Users\jarek"/>
    <property name="user.timezone" value="Europe/Prague"/>
    <property name="file.encoding" value="UTF-8"/>
    <property name="java.specification.version" value="15"/>
    <property name="user.name" value="jarek"/>
    <property name="java.class.path" value="C:\Program Files\JetBrains\IntelliJ IDEA 2022.3.2\plugins\maven\lib\maven3\boot\plexus-classworlds-2.6.0.jar;C:\Program Files\JetBrains\IntelliJ IDEA 2022.3.2\plugins\maven\lib\maven3\boot\plexus-classworlds.license"/>
    <property name="java.vm.specification.version" value="15"/>
    <property name="sun.arch.data.model" value="64"/>
    <property name="sun.java.command" value="org.codehaus.classworlds.Launcher -Didea.version=2023.1.2 install"/>
    <property name="java.home" value="C:\Users\jarek\.jdks\corretto-15.0.2"/>
    <property name="user.language" value="cs"/>
    <property name="java.specification.vendor" value="Oracle Corporation"/>
    <property name="java.vm.info" value="mixed mode, sharing"/>
    <property name="java.version" value="15.0.2"/>
    <property name="java.vendor" value="Amazon.com Inc."/>
    <property name="maven.home" value="C:\Program Files\JetBrains\IntelliJ IDEA 2022.3.2\plugins\maven\lib\maven3"/>
    <property name="file.separator" value="\"/>
    <property name="java.version.date" value="2021-01-19"/>
    <property name="java.vendor.url.bug" value="https://github.com/corretto/corretto-jdk/issues/"/>
    <property name="sun.io.unicode.encoding" value="UnicodeLittle"/>
    <property name="sun.cpu.endian" value="little"/>
    <property name="java.vendor.version" value="Corretto-15.0.2.7.1"/>
    <property name="sun.cpu.isalist" value="amd64"/>
  </properties>
  <testcase classname="cz.cvut.fel.pjv.data.AirplaneTest" name="cz.cvut.fel.pjv.data.AirplaneTest.testGetNearbyAirplanes" time="0.019">
    <failure message="Cannot invoke &quot;cz.cvut.fel.pjv.data.Flight.connectAirplane(cz.cvut.fel.pjv.data.Airplane)&quot; because &quot;flight&quot; is null" type="java.lang.NullPointerException">java.lang.NullPointerException: Cannot invoke &quot;cz.cvut.fel.pjv.data.Flight.connectAirplane(cz.cvut.fel.pjv.data.Airplane)&quot; because &quot;flight&quot; is null
	at cz.cvut.fel.pjv.data.Airplane.&lt;init&gt;(Airplane.java:72)
	at cz.cvut.fel.pjv.data.AirplaneTest.testGetNearbyAirplanes(AirplaneTest.java:56)
</failure>
  </testcase>
  <testcase classname="cz.cvut.fel.pjv.data.AirplaneTest" name="cz.cvut.fel.pjv.data.AirplaneTest.testPerformWaitingCycle" time="0">
    <failure message="Cannot invoke &quot;cz.cvut.fel.pjv.data.Airplane.performWaitingCycle()&quot; because &quot;this.airplane&quot; is null" type="java.lang.NullPointerException">java.lang.NullPointerException: Cannot invoke &quot;cz.cvut.fel.pjv.data.Airplane.performWaitingCycle()&quot; because &quot;this.airplane&quot; is null
	at cz.cvut.fel.pjv.data.AirplaneTest.testPerformWaitingCycle(AirplaneTest.java:88)
</failure>
  </testcase>
  <testcase classname="cz.cvut.fel.pjv.data.AirplaneTest" name="cz.cvut.fel.pjv.data.AirplaneTest.testCalculateDistance" time="0"/>
  <testcase classname="cz.cvut.fel.pjv.data.AirplaneTest" name="cz.cvut.fel.pjv.data.AirplaneTest.testHandleCrash" time="0.001">
    <failure message="Cannot invoke &quot;cz.cvut.fel.pjv.data.Flight.connectAirplane(cz.cvut.fel.pjv.data.Airplane)&quot; because &quot;flight&quot; is null" type="java.lang.NullPointerException">java.lang.NullPointerException: Cannot invoke &quot;cz.cvut.fel.pjv.data.Flight.connectAirplane(cz.cvut.fel.pjv.data.Airplane)&quot; because &quot;flight&quot; is null
	at cz.cvut.fel.pjv.data.Airplane.&lt;init&gt;(Airplane.java:72)
	at cz.cvut.fel.pjv.data.AirplaneTest.testHandleCrash(AirplaneTest.java:67)
</failure>
  </testcase>
  <testcase classname="cz.cvut.fel.pjv.data.AirplaneTest" name="cz.cvut.fel.pjv.data.AirplaneTest.testFlyTo" time="0">
    <failure message="Cannot assign field &quot;latitude&quot; because &quot;this.airplane&quot; is null" type="java.lang.NullPointerException">java.lang.NullPointerException: Cannot assign field &quot;latitude&quot; because &quot;this.airplane&quot; is null
	at cz.cvut.fel.pjv.data.AirplaneTest.testFlyTo(AirplaneTest.java:38)
</failure>
  </testcase>
  <testcase classname="cz.cvut.fel.pjv.data.AirplaneTest" name="cz.cvut.fel.pjv.data.AirplaneTest.testLand" time="0.001">
    <failure message="Cannot invoke &quot;cz.cvut.fel.pjv.data.Airplane.land()&quot; because &quot;this.airplane&quot; is null" type="java.lang.NullPointerException">java.lang.NullPointerException: Cannot invoke &quot;cz.cvut.fel.pjv.data.Airplane.land()&quot; because &quot;this.airplane&quot; is null
	at cz.cvut.fel.pjv.data.AirplaneTest.testLand(AirplaneTest.java:82)
</failure>
  </testcase>
  <testcase classname="cz.cvut.fel.pjv.data.AirplaneTest" name="cz.cvut.fel.pjv.data.AirplaneTest.testTakeOff" time="0.002">
    <failure message="Cannot invoke &quot;cz.cvut.fel.pjv.data.Airplane.takeOff()&quot; because &quot;this.airplane&quot; is null" type="java.lang.NullPointerException">java.lang.NullPointerException: Cannot invoke &quot;cz.cvut.fel.pjv.data.Airplane.takeOff()&quot; because &quot;this.airplane&quot; is null
	at cz.cvut.fel.pjv.data.AirplaneTest.testTakeOff(AirplaneTest.java:77)
</failure>
  </testcase>
</testsuite>